[09:21:29] [main/INFO]: Environment: authHost='https://authserver.mojang.com', accountsHost='https://api.mojang.com', sessionHost='https://sessionserver.mojang.com', servicesHost='https://api.minecraftservices.com', name='PROD'
[09:21:30] [main/WARN]: Ambiguity between arguments [teleport, destination] and [teleport, targets] with inputs: [Player, 0123, @e, dd12be42-52a9-4a91-a8a1-11c01849e498]
[09:21:30] [main/WARN]: Ambiguity between arguments [teleport, location] and [teleport, destination] with inputs: [0.1 -0.5 .9, 0 0 0]
[09:21:30] [main/WARN]: Ambiguity between arguments [teleport, location] and [teleport, targets] with inputs: [0.1 -0.5 .9, 0 0 0]
[09:21:30] [main/WARN]: Ambiguity between arguments [teleport, targets] and [teleport, destination] with inputs: [Player, 0123, dd12be42-52a9-4a91-a8a1-11c01849e498]
[09:21:30] [main/WARN]: Ambiguity between arguments [teleport, targets, location] and [teleport, targets, destination] with inputs: [0.1 -0.5 .9, 0 0 0]
[09:21:30] [main/INFO]: Reloading ResourceManager: Default
[09:21:30] [Worker-Main-14/INFO]: Loaded 7 recipes
[09:21:31] [Worker-Main-14/INFO]: Loaded 927 advancements
[09:21:32] [Server thread/INFO]: Starting minecraft server version 1.16.5
[09:21:32] [Server thread/INFO]: Loading properties
[09:21:32] [Server thread/INFO]: Default game type: SURVIVAL
[09:21:32] [Server thread/INFO]: Generating keypair
[09:21:32] [Server console handler/ERROR]: Exception handling console input
java.io.IOException: The handle is invalid
	at java.io.FileInputStream.readBytes(Native Method) ~[?:1.8.0_51]
	at java.io.FileInputStream.read(Unknown Source) ~[?:1.8.0_51]
	at java.io.BufferedInputStream.read1(Unknown Source) ~[?:1.8.0_51]
	at java.io.BufferedInputStream.read(Unknown Source) ~[?:1.8.0_51]
	at sun.nio.cs.StreamDecoder.readBytes(Unknown Source) ~[?:1.8.0_51]
	at sun.nio.cs.StreamDecoder.implRead(Unknown Source) ~[?:1.8.0_51]
	at sun.nio.cs.StreamDecoder.read(Unknown Source) ~[?:1.8.0_51]
	at java.io.InputStreamReader.read(Unknown Source) ~[?:1.8.0_51]
	at java.io.BufferedReader.fill(Unknown Source) ~[?:1.8.0_51]
	at java.io.BufferedReader.readLine(Unknown Source) ~[?:1.8.0_51]
	at java.io.BufferedReader.readLine(Unknown Source) ~[?:1.8.0_51]
	at zg$1.run(SourceFile:95) [server.jar:?]
[09:21:32] [Server thread/INFO]: Starting Minecraft server on 116.118.7.73:25565
[09:21:32] [Server thread/INFO]: Using default channel type
[09:21:33] [Server thread/WARN]: **** FAILED TO BIND TO PORT!
[09:21:33] [Server thread/WARN]: The exception was: java.net.BindException: Cannot assign requested address: bind
[09:21:33] [Server thread/WARN]: Perhaps a server is already running on that port?
[09:21:33] [Server thread/INFO]: Stopping server
[09:21:33] [Server thread/INFO]: Saving worlds
[09:21:33] [Server thread/ERROR]: Exception stopping the server
java.lang.NullPointerException: null
	at net.minecraft.server.MinecraftServer.a(SourceFile:572) ~[server.jar:?]
	at net.minecraft.server.MinecraftServer.t(SourceFile:599) ~[server.jar:?]
	at zg.t(SourceFile:567) ~[server.jar:?]
	at net.minecraft.server.MinecraftServer.w(SourceFile:707) [server.jar:?]
	at net.minecraft.server.MinecraftServer.a(SourceFile:257) [server.jar:?]
	at net.minecraft.server.MinecraftServer$$Lambda$3224/1655563873.run(Unknown Source) [server.jar:?]
	at java.lang.Thread.run(Unknown Source) [?:1.8.0_51]
